<?xml version="1.0" encoding="UTF-8"?>
<!-- Generated by org.testng.reporters.JUnitReportReporter -->
<testsuite skipped="0" hostname="f3eccaa3f6a6" name="duckDuck_tests.DuckDuckTests" tests="8" failures="0" timestamp="2021-06-03T20:39:27 UTC" time="85.299" errors="0">
  <testcase name="findResults" time="17.932" classname="duckDuck_tests.DuckDuckTests"/>
  <system-out/>
  <testcase name="findResults" time="15.531" classname="duckDuck_tests.DuckDuckTests"/>
  <system-out/>
  <testcase name="findResults" time="16.885" classname="duckDuck_tests.DuckDuckTests"/>
  <system-out/>
  <testcase name="findResults" time="16.276" classname="duckDuck_tests.DuckDuckTests"/>
  <system-out/>
  <testcase name="checkNumOfVideous" time="5.070" classname="duckDuck_tests.DuckDuckTests"/>
  <system-out/>
  <testcase name="checkNumOfVideous" time="3.581" classname="duckDuck_tests.DuckDuckTests"/>
  <system-out/>
  <testcase name="checkNumOfVideous" time="4.447" classname="duckDuck_tests.DuckDuckTests"/>
  <system-out/>
  <testcase name="checkNumOfVideous" time="5.577" classname="duckDuck_tests.DuckDuckTests"/>
  <system-out/>
</testsuite> <!-- duckDuck_tests.DuckDuckTests -->
